[2020-07-22 15:52:07] local.ERROR: Maximum execution time of 60 seconds exceeded {"exception":"[object] (Symfony\\Component\\ErrorHandler\\Error\\FatalError(code: 0): Maximum execution time of 60 seconds exceeded at C:\\xampp\\htdocs\\LaravelTugas\\vendor\\laravel\\framework\\src\\Illuminate\\View\\Compilers\\Concerns\\CompilesErrors.php:5)
[stacktrace]
#0 {main}
"} 
[2020-07-24 02:26:31] local.ERROR: Maximum execution time of 60 seconds exceeded {"exception":"[object] (Symfony\\Component\\ErrorHandler\\Error\\FatalError(code: 0): Maximum execution time of 60 seconds exceeded at C:\\xampp\\htdocs\\LaravelTugas\\vendor\\facade\\ignition\\src\\Middleware\\SetNotifierName.php:7)
[stacktrace]
#0 {main}
"} 
[2020-07-24 03:11:44] local.ERROR: Maximum execution time of 60 seconds exceeded {"exception":"[object] (Symfony\\Component\\ErrorHandler\\Error\\FatalError(code: 0): Maximum execution time of 60 seconds exceeded at C:\\xampp\\htdocs\\LaravelTugas\\vendor\\facade\\ignition\\src\\Views\\Engines\\CompilerEngine.php:17)
[stacktrace]
#0 {main}
"} 
[2020-07-24 21:22:51] local.ERROR: Maximum execution time of 60 seconds exceeded {"exception":"[object] (Symfony\\Component\\ErrorHandler\\Error\\FatalError(code: 0): Maximum execution time of 60 seconds exceeded at C:\\xampp\\htdocs\\LaravelTugas\\vendor\\laravel\\framework\\src\\Illuminate\\Routing\\Pipeline.php:16)
[stacktrace]
#0 {main}
"} 
[2020-07-25 01:48:22] local.ERROR: Maximum execution time of 60 seconds exceeded {"exception":"[object] (Symfony\\Component\\ErrorHandler\\Error\\FatalError(code: 0): Maximum execution time of 60 seconds exceeded at C:\\xampp\\htdocs\\LaravelTugas\\vendor\\laravel\\framework\\src\\Illuminate\\View\\ViewServiceProvider.php:12)
[stacktrace]
#0 {main}
"} 
[2020-07-25 02:05:33] local.ERROR: Maximum execution time of 60 seconds exceeded {"exception":"[object] (Symfony\\Component\\ErrorHandler\\Error\\FatalError(code: 0): Maximum execution time of 60 seconds exceeded at C:\\xampp\\htdocs\\LaravelTugas\\vendor\\facade\\ignition\\src\\IgnitionServiceProvider.php:67)
[stacktrace]
#0 {main}
"} 
